<?xml version="1.0" encoding="utf-8"?><testsuites name="pytest tests"><testsuite name="pytest" errors="0" failures="1" skipped="0" tests="36" time="15.799" timestamp="2026-04-23T11:28:32.514940+00:00" hostname="agent-env-04ff914a-8ba2-4330-86f4-d9c327dd55fb"><testcase classname="backend.tests.test_subscription_and_quota.TestSubscriptionPlans" name="test_plans_contains_both" time="0.190" /><testcase classname="backend.tests.test_subscription_and_quota.TestSubscriptionMe" name="test_new_user_is_free" time="0.318" /><testcase classname="backend.tests.test_subscription_and_quota.TestSubscriptionMe" name="test_auth_me_has_plan_fields" time="0.052" /><testcase classname="backend.tests.test_subscription_and_quota.TestCheckout" name="test_checkout_invalid_plan_400" time="0.045" /><testcase classname="backend.tests.test_subscription_and_quota.TestCheckout" name="test_checkout_pro_monthly_returns_url" time="0.663" /><testcase classname="backend.tests.test_subscription_and_quota.TestCheckout" name="test_status_endpoint_returns_current_payment_status" time="10.958"><failure message="AssertionError: Internal Server Error&#10;assert 500 == 200&#10; +  where 500 = &lt;Response [500]&gt;.status_code">backend/tests/test_subscription_and_quota.py:98: in test_status_endpoint_returns_current_payment_status
    assert r.status_code == 200, r.text
E   AssertionError: Internal Server Error
E   assert 500 == 200
E    +  where 500 = &lt;Response [500]&gt;.status_code</failure></testcase><testcase classname="backend.tests.test_subscription_and_quota.TestCheckout" name="test_status_unknown_session_returns_404" time="0.044" /><testcase classname="backend.tests.test_subscription_and_quota.TestProposalNewFields" name="test_create_with_discount" time="0.041" /><testcase classname="backend.tests.test_subscription_and_quota.TestProposalNewFields" name="test_get_persisted_new_fields" time="0.044" /><testcase classname="backend.tests.test_subscription_and_quota.TestDuplicate" name="test_duplicate_creates_new_with_status_aberto" time="0.136" /><testcase classname="backend.tests.test_subscription_and_quota.TestDuplicate" name="test_duplicate_unknown_returns_404" time="0.045" /><testcase classname="backend.tests.test_subscription_and_quota.TestQuota" name="test_11th_proposal_returns_402" time="1.052" /><testcase classname="backend.tests.test_subscription_and_quota.TestStatsPlan" name="test_stats_has_plan_fields" time="0.047" /><testcase classname="backend.tests.test_subscription_and_quota.TestWebhook" name="test_webhook_exists_rejects_invalid_sig" time="0.042" /><testcase classname="backend.tests.test_proposta_ja_api.TestAuth" name="test_register_duplicate_returns_400" time="0.463" /><testcase classname="backend.tests.test_proposta_ja_api.TestAuth" name="test_login_returns_token" time="0.267" /><testcase classname="backend.tests.test_proposta_ja_api.TestAuth" name="test_login_invalid_password_401" time="0.269" /><testcase classname="backend.tests.test_proposta_ja_api.TestAuth" name="test_me_returns_user" time="0.050" /><testcase classname="backend.tests.test_proposta_ja_api.TestAuth" name="test_me_without_token_returns_401" time="0.042" /><testcase classname="backend.tests.test_proposta_ja_api.TestAuth" name="test_proposals_without_token_returns_401" time="0.042" /><testcase classname="backend.tests.test_proposta_ja_api.TestCompany" name="test_get_company_default" time="0.045" /><testcase classname="backend.tests.test_proposta_ja_api.TestCompany" name="test_put_company_saves_logo" time="0.087" /><testcase classname="backend.tests.test_proposta_ja_api.TestProposals" name="test_create_proposal" time="0.045" /><testcase classname="backend.tests.test_proposta_ja_api.TestProposals" name="test_create_second_proposal" time="0.048" /><testcase classname="backend.tests.test_proposta_ja_api.TestProposals" name="test_list_proposals" time="0.044" /><testcase classname="backend.tests.test_proposta_ja_api.TestProposals" name="test_list_filter_by_status_aberto" time="0.040" /><testcase classname="backend.tests.test_proposta_ja_api.TestProposals" name="test_get_single_proposal" time="0.045" /><testcase classname="backend.tests.test_proposta_ja_api.TestProposals" name="test_get_unknown_proposal_returns_404" time="0.041" /><testcase classname="backend.tests.test_proposta_ja_api.TestProposals" name="test_status_to_realizado" time="0.088" /><testcase classname="backend.tests.test_proposta_ja_api.TestProposals" name="test_status_to_perdido_without_reason_400" time="0.046" /><testcase classname="backend.tests.test_proposta_ja_api.TestProposals" name="test_status_to_perdido_with_reason" time="0.053" /><testcase classname="backend.tests.test_proposta_ja_api.TestStats" name="test_stats_counters" time="0.043" /><testcase classname="backend.tests.test_proposta_ja_api.TestClients" name="test_clients_aggregate" time="0.044" /><testcase classname="backend.tests.test_proposta_ja_api.TestDelete" name="test_delete_proposal" time="0.101" /><testcase classname="backend.tests.test_proposta_ja_api.TestDelete" name="test_delete_unknown_returns_404" time="0.044" /><testcase classname="backend.tests.test_proposta_ja_api.TestDelete" name="test_cleanup_second_proposal" time="0.043" /></testsuite></testsuites>