<?xml version="1.0" encoding="utf-8"?><testsuites name="pytest tests"><testsuite name="pytest" errors="0" failures="0" skipped="0" tests="22" time="2.117" timestamp="2026-04-23T10:57:03.753194+00:00" hostname="agent-env-04ff914a-8ba2-4330-86f4-d9c327dd55fb"><testcase classname="backend.tests.test_proposta_ja_api.TestAuth" name="test_register_duplicate_returns_400" time="0.441" /><testcase classname="backend.tests.test_proposta_ja_api.TestAuth" name="test_login_returns_token" time="0.270" /><testcase classname="backend.tests.test_proposta_ja_api.TestAuth" name="test_login_invalid_password_401" time="0.267" /><testcase classname="backend.tests.test_proposta_ja_api.TestAuth" name="test_me_returns_user" time="0.047" /><testcase classname="backend.tests.test_proposta_ja_api.TestAuth" name="test_me_without_token_returns_401" time="0.048" /><testcase classname="backend.tests.test_proposta_ja_api.TestAuth" name="test_proposals_without_token_returns_401" time="0.045" /><testcase classname="backend.tests.test_proposta_ja_api.TestCompany" name="test_get_company_default" time="0.048" /><testcase classname="backend.tests.test_proposta_ja_api.TestCompany" name="test_put_company_saves_logo" time="0.090" /><testcase classname="backend.tests.test_proposta_ja_api.TestProposals" name="test_create_proposal" time="0.045" /><testcase classname="backend.tests.test_proposta_ja_api.TestProposals" name="test_create_second_proposal" time="0.045" /><testcase classname="backend.tests.test_proposta_ja_api.TestProposals" name="test_list_proposals" time="0.046" /><testcase classname="backend.tests.test_proposta_ja_api.TestProposals" name="test_list_filter_by_status_aberto" time="0.047" /><testcase classname="backend.tests.test_proposta_ja_api.TestProposals" name="test_get_single_proposal" time="0.048" /><testcase classname="backend.tests.test_proposta_ja_api.TestProposals" name="test_get_unknown_proposal_returns_404" time="0.050" /><testcase classname="backend.tests.test_proposta_ja_api.TestProposals" name="test_status_to_realizado" time="0.094" /><testcase classname="backend.tests.test_proposta_ja_api.TestProposals" name="test_status_to_perdido_without_reason_400" time="0.045" /><testcase classname="backend.tests.test_proposta_ja_api.TestProposals" name="test_status_to_perdido_with_reason" time="0.047" /><testcase classname="backend.tests.test_proposta_ja_api.TestStats" name="test_stats_counters" time="0.049" /><testcase classname="backend.tests.test_proposta_ja_api.TestClients" name="test_clients_aggregate" time="0.047" /><testcase classname="backend.tests.test_proposta_ja_api.TestDelete" name="test_delete_proposal" time="0.092" /><testcase classname="backend.tests.test_proposta_ja_api.TestDelete" name="test_delete_unknown_returns_404" time="0.050" /><testcase classname="backend.tests.test_proposta_ja_api.TestDelete" name="test_cleanup_second_proposal" time="0.046" /></testsuite></testsuites>